<?xml version="1.0" encoding="UTF-8"?>
<!-- Generated by org.testng.reporters.JUnitReportReporter -->
<testsuite hostname="Stuarts-MacBook-Pro.local" failures="0" tests="1" name="com.ibm.fhir.ig.cdm.ConstraintGeneratorTest" time="1.469" errors="0" timestamp="1 Jul 2021 15:51:37 GMT" skipped="0">
  <testcase classname="com.ibm.fhir.ig.cdm.ConstraintGeneratorTest" name="testConstraintGenerator" time="1.469"/>
</testsuite> <!-- com.ibm.fhir.ig.cdm.ConstraintGeneratorTest -->
